<?xml version="1.0" encoding="UTF-8"?>
<!-- Generated by org.testng.reporters.JUnitReportReporter -->
<testsuite hostname="DESKTOP-C200903" failures="0" tests="5" name="ece.UserValidationTest" time="0.058" errors="0" timestamp="2023-11-07T09:07:42 IST" skipped="0">
  <testcase classname="ece.UserValidationTest" name="testCase4" time="0.001"/>
  <testcase classname="ece.UserValidationTest" name="testCase1" time="0.051"/>
  <testcase classname="ece.UserValidationTest" name="testCase3" time="0.002"/>
  <testcase classname="ece.UserValidationTest" name="testCase5" time="0.002"/>
  <testcase classname="ece.UserValidationTest" name="testCase2" time="0.002"/>
</testsuite> <!-- ece.UserValidationTest -->
